mode: set
github.com/abelwhite/pigsty/main.go:11.13,18.2 5 0
github.com/abelwhite/pigsty/functions.go:10.34,13.2 2 1
github.com/abelwhite/pigsty/functions.go:15.33,23.17 2 1
github.com/abelwhite/pigsty/functions.go:26.2,26.25 1 1
github.com/abelwhite/pigsty/functions.go:38.2,38.69 1 1
github.com/abelwhite/pigsty/functions.go:23.17,25.3 1 1
github.com/abelwhite/pigsty/functions.go:26.25,27.10 1 1
github.com/abelwhite/pigsty/functions.go:28.30,29.19 1 1
github.com/abelwhite/pigsty/functions.go:30.30,31.19 1 1
github.com/abelwhite/pigsty/functions.go:32.31,33.20 1 1
github.com/abelwhite/pigsty/functions.go:34.56,35.21 1 1
